<?xml version="1.0" encoding="UTF-8"?>
<robot generator="Robot 7.2.2 (Python 3.11.1 on win32)" generated="2025-06-05T22:21:13.027019" rpa="false" schemaversion="5">
<suite id="s1" name="Test Upload" source="C:\Users\jessi\projetos\advantage-automation\tests\api\test_upload.robot">
<test id="s1-t1" name="Upload Imagem Para Produto" line="14">
<kw name="File Should Exist" owner="OperatingSystem">
<msg time="2025-06-05T22:21:13.239822" level="INFO" html="true">File '&lt;a href="file://C:\Users\jessi\projetos\advantage-automation\image\headphone.jpg"&gt;C:\Users\jessi\projetos\advantage-automation\image\headphone.jpg&lt;/a&gt;' exists.</msg>
<arg>${IMAGE_PATH}</arg>
<doc>Fails unless the given ``path`` points to an existing file.</doc>
<status status="PASS" start="2025-06-05T22:21:13.239822" elapsed="0.000000"/>
</kw>
<kw name="Create Session" owner="RequestsLibrary">
<msg time="2025-06-05T22:21:13.240824" level="INFO">Creating Session using : alias=shopping, url=https://www.advantageonlineshopping.com, headers={},                     cookies={}, auth=None, timeout=None, proxies=None, verify=False,                     debug=0 </msg>
<arg>shopping</arg>
<arg>${BASE_URL}</arg>
<doc>Create Session: create a HTTP session to a server</doc>
<status status="PASS" start="2025-06-05T22:21:13.240824" elapsed="0.000000"/>
</kw>
<kw name="Create Dictionary" owner="BuiltIn">
<msg time="2025-06-05T22:21:13.241784" level="INFO">&amp;{headers} = { Authorization=Bearer eyJ0eXAiOiJKV1QiLCJhbGciOiJIUzI1NiJ9.eyJpc3MiOiJ3d3cuYWR2YW50YWdlb25saW5lc2hvcHBpbmcuY29tIiwidXNlcklkIjo2NDU5OTY1MTAsInN1YiI6IkJFUk5BUkRPVCIsInJvbGUiOiJBRE1JTiJ9.GP4gzb983_Yjw8x...</msg>
<var>&amp;{headers}</var>
<arg>Authorization=${TOKEN}</arg>
<doc>Creates and returns a dictionary based on the given ``items``.</doc>
<status status="PASS" start="2025-06-05T22:21:13.241784" elapsed="0.000000"/>
</kw>
<kw name="Create Dictionary" owner="BuiltIn">
<msg time="2025-06-05T22:21:13.242826" level="INFO">&amp;{params} = { product_id=1 }</msg>
<var>&amp;{params}</var>
<arg>product_id=1</arg>
<doc>Creates and returns a dictionary based on the given ``items``.</doc>
<status status="PASS" start="2025-06-05T22:21:13.241784" elapsed="0.001042"/>
</kw>
<kw name="Evaluate" owner="BuiltIn">
<msg time="2025-06-05T22:21:13.245843" level="INFO">${file_content} = ÿØÿàJFIFHHÿábExifMM*JR(HHÿÛC	

			

		
ÿÛC...</msg>
<var>${file_content}</var>
<arg>open(r"""${IMAGE_PATH}""", "rb").read()</arg>
<doc>Evaluates the given expression in Python and returns the result.</doc>
<status status="PASS" start="2025-06-05T22:21:13.242826" elapsed="0.003017"/>
</kw>
<kw name="Set Variable" owner="BuiltIn">
<msg time="2025-06-05T22:21:13.245843" level="INFO">${file_name} = headphone.jpg</msg>
<var>${file_name}</var>
<arg>headphone.jpg</arg>
<doc>Returns the given values which can then be assigned to a variables.</doc>
<status status="PASS" start="2025-06-05T22:21:13.245843" elapsed="0.000000"/>
</kw>
<kw name="Set Variable" owner="BuiltIn">
<msg time="2025-06-05T22:21:13.247785" level="INFO">${mime_type} = image/jpeg</msg>
<var>${mime_type}</var>
<arg>image/jpeg</arg>
<doc>Returns the given values which can then be assigned to a variables.</doc>
<status status="PASS" start="2025-06-05T22:21:13.247785" elapsed="0.000000"/>
</kw>
<kw name="Create List" owner="BuiltIn">
<msg time="2025-06-05T22:21:13.255783" level="INFO">${file_tuple} = ['headphone.jpg', b'\xff\xd8\xff\xe0\x00\x10JFIF\x00\x01\x01\x01\x00H\x00H\x00\x00\xff\xe1\x00bExif\x00\x00MM\x00*\x00\x00\x00\x08\x00\x05\x01\x12\x00\x03\x00\x00\x00\x01\x00\x01\x00\x00\x01\x1a\x00\x...</msg>
<var>${file_tuple}</var>
<arg>${file_name}</arg>
<arg>${file_content}</arg>
<arg>${mime_type}</arg>
<doc>Returns a list containing given items.</doc>
<status status="PASS" start="2025-06-05T22:21:13.247785" elapsed="0.007998"/>
</kw>
<kw name="Create Dictionary" owner="BuiltIn">
<msg time="2025-06-05T22:21:13.263865" level="INFO">&amp;{files} = { file=['headphone.jpg', b'\xff\xd8\xff\xe0\x00\x10JFIF\x00\x01\x01\x01\x00H\x00H\x00\x00\xff\xe1\x00bExif\x00\x00MM\x00*\x00\x00\x00\x08\x00\x05\x01\x12\x00\x03\x00\x00\x00\x01\x00\x01\x00\x00\x01\x1...</msg>
<var>&amp;{files}</var>
<arg>file=${file_tuple}</arg>
<doc>Creates and returns a dictionary based on the given ``items``.</doc>
<status status="PASS" start="2025-06-05T22:21:13.256782" elapsed="0.007083"/>
</kw>
<kw name="POST On Session" owner="RequestsLibrary">
<msg time="2025-06-05T22:21:15.398039" level="INFO">POST Request : url=https://www.advantageonlineshopping.com/catalog/api/v1/product/image/645996510/img/red?product_id=1 
 path_url=/catalog/api/v1/product/image/645996510/img/red?product_id=1 
 headers={'User-Agent': 'python-requests/2.32.3', 'Accept-Encoding': 'gzip, deflate', 'Accept': '*/*', 'Connection': 'keep-alive', 'Authorization': 'Bearer eyJ0eXAiOiJKV1QiLCJhbGciOiJIUzI1NiJ9.eyJpc3MiOiJ3d3cuYWR2YW50YWdlb25saW5lc2hvcHBpbmcuY29tIiwidXNlcklkIjo2NDU5OTY1MTAsInN1YiI6IkJFUk5BUkRPVCIsInJvbGUiOiJBRE1JTiJ9.GP4gzb983_Yjw8xjCvDNRN56yJQCcIExSeDXeriEsM4', 'Content-Length': '451280', 'Content-Type': 'multipart/form-data; boundary=99d55b9491b0756ee8cceb1b0c1e1643'} 
 body=b'--99d55b9491b0756ee8cceb1b0c1e1643\r\nContent-Disposition: form-data; name="file"; filename="headphone.jpg"\r\nContent-Type: image/jpeg\r\n\r\n\xff\xd8\xff\xe0\x00\x10JFIF\x00\x01\x01\x01\x00H\x00H\x00\x00\xff\xe1\x00bExif\x00\x00MM\x00*\x00\x00\x00\x08\x00\x05\x01\x12\x00\x03\x00\x00\x00\x01\x00\x01\x00\x00\x01\x1a\x00\x05\x00\x00\x00\x01\x00\x00\x00J\x01\x1b\x00\x05\x00\x00\x00\x01\x00\x00\x00R\x01(\x00\x03\x00\x00\x00\x01\x00\x02\x00\x00\x02\x13\x00\x03\x00\x00\x00\x01\x00\x01\x00\x00\x00\x00\x00\x00\x00\x00\x00H\x00\x00\x00\x01\x00\x00\x00H\x00\x00\x00\x01\xff\xdb\x00C\x00\x03\x02\x02\x02\x02\x02\x03\x02\x02\x02\x03\x03\x03\x03\x04\x06\x04\x04\x04\x04\x04\x08\x06\x06\x05\x06\t\x08\n\n\t\x08\t\t\n\x0c\x0f\x0c\n\x0b\x0e\x0b\t\t\r\x11\r\x0e\x0f\x10\x10\x11\x10\n\x0c\x12\x13\x12\x10\x13\x0f\x10\x10\x10\xff\xdb\x00C\x01\x03\x03\x03\x04\x03\x04\x08\x04\x04\x08\x10\x0b\t\x0b\x10\x10\x10\x10\x10\x10\x10\x10\x10\x10\x10\x10\x10\x10\x10\x10\x10\x10\x10\x10\x10\x10\x10\x10\x10\x10\x10\x10\x10\x10\x10\x10\x10\x10\x10\x10\x10\x10\x10\x10\x10\x10\x10\x10\x10\x10\x10\x10\x10\x10\xff\xc0\x00\x11\x08\n\x00\x07\x80\x03\x01\x11\x00\x02\x11\x01\x03\x11\x01\xff\xc4\x00\x1d\x00\x00\x03\x01\x00\x03\x01\x01\x01\x00\x00\x00\x00\x00\x00\x00\x00\x00\x01\x02\x03\x04\x05\x06\x07\x08\t\xff\xc4\x00T\x10\x00\x01\x02\x04\x03\x05\x05\x06\x04\x05\x03\x03\x01\x05\x01\x11\x01\x00\x02\x03\x11\x12!\x04"1\x052AQa\x06\x13Bq\x81\x07Rbr\x91\xa1\x08\x14\xb1\xc1#\x82\xd1\xe1\xf0\x153\xf1$C\xa2\xb2\t\x16%4S\x92\xd2\x17cDTs\x83\xc2&amp;\x93\xe2\xf256Fd\xb3\xff\xc4\x00\x1b\x01\x01\x01\x01\x01\x01\x01\x01\x01\x00\x00\x00\x00\x00\x00\x00\x00\x00\x02\x01\x03\x04\x05\x06\x07\xff\xc4\x00:\x11\x01\x01\x00\x02\x02\x02\x02\x02\x01\x03\x01\x05\x07\x04\x01\x05\x00\x01\x02\x11\x03\x12\x04!\x131\x05"A\x142Q#\x063Ba\xf0q\x81\x91\xa1\xb1\xc1\xe1\x15$R\xd14C\xf1%DS\xff\xda\x00\x0c\x03\x01\x00\x02\x11\x03\x11\x00?\x00\xfd\xef\x82\xd9\x84\x96\xb9\xcd7\xe0\xbc\x8ff\xdd\xf6\x0fg\xb5\xb7\xa2\xfeZ+6\xed!a\xe9\x1a(E\xaeC!JJ\xd3j\xf7B%.t\x90`\xf7M\x16\xe3?TK#\n\xea\xd4f\x1dgD\x0c\xb3\x93P\x01\xbc\xd06\xb1\x05\xd1\xd5\x01.\x88&amp;\x9e\xa8\x157@\x9c\xc4\x12[t\x08\xb7\xfc\xe4\x81\x16\xd9\x00\x82eO\xa2\x05L\xd0.\x1b\xc8\'tS\xa9\xe6\x82s8\xee\xdb\xf4@\xc8\x1e\x134\x03\x90*[4\x02\t\xdd\xd4\xa0F\xda\xa0\x00\xb5\\\x90-O\xa2\x00\xe6\xfe\xc8\x1a\x05\xe1@\x16\xd5\xbc\x81\x96\xdb_\xa2\x04C\xb7\\\xe4\x0f,\xf9\xd9\x01&gt;\x88\x1c\x9d9u@\x0c\xc5\x02\x1a\xa0f^\xf2\n@\x01sJ\x06]\xf7@\xbf\xcf%\x926\xd5\t\xaa\x916\xadjP\xedg\xfa\xa9X&gt;\xeb\xb5A\\3 m\xea\x82\x9d\xa2\x05\xc3*\n\x06\x9d\xe4\x143\x0eH\x8c\x94t\xdeC\x13\x0e\xa4\xa2\xd6\x80\x0e\xe4\x81\xb5\xce\xf0\xa0uY\x01&gt;\xa8-\xae\xb6d\x16,P\x15I\x10\xa4\x00\xe2\x82\xb7\x90\r@\xd0\x13\xea\x80E\x98\xd3\x8a!H\x04\x0e\xae\x88\r\xd4\r\x01\xf0\xa0?\x98\xa0\xb4\x10\x81\xdf\xaa\xdbD\x9b\xe5Qh\x7f*\xa0 \xac\xb2P\x1c\xba \x10@\xb1\xa9\x05p\xcaU\x83*\x00\xba\xe8\x0f\n\x81\x1e$\x05&gt;$\x0c;\x92\n5\x10\xac \xd7q@\xfc(\x18\xd1\x00\x80@\xaa\xb0\xb2\x07U\xac\x80\x9fD\t\xc8\x1a\x04r\x84\x12w}T\x06\x05Z R\xea\x80\xf3r\xd8-\\\t\xab\x01\x95\x01\xe1A(\t\xce\xc8\x04\x02\x01\x00\x81\x1f\x99\x003]\xa8\x0c\xce(\x07 E\xb7\xbf\x14\x14\xa0K\xba+\x97@:\xa0\x0eS4\x12\xe4\x01\xd2h\x0f\n\x06\xed\x10!\xa4\xd0\r@\x8f\xbaP\x08\tt@ \x10\x08\x11\xff\x00\xd4\x81\xa0F\xc3\x8a\x03\xc2\x80\xca\x81\xa0\x84\x02\x02]\x10\x12\xe8\x80@ \'\xd1\x00\x81\x16\xf2@\x88\xf7P\x03\xfeP\x08$\x8a\xbcZ \x90\xdeh\x0eh\xb4\xf5\xd3\x9a\x00k4m\xbb\x15M\x1c\xf4\x07\xba\xe5KK\xa6~\x8aD\xb9\x01\xfc\xc8\x0f\x89m\x00kuQP\x83O\x05K:B\x06\x19\xcd\x049\xb4\xa0\x07\xbc\x10\' H\tt@\xc3}\xd4\x00m\xd0\\\xb4P\x86zn\xabY\xdfy\x00\xe4\x08I\x03:\xd3+\xa0E\xba \xd0R\xd1\xfb(@-o\xba\x82Ci\xf2ANA 5\x02-\xb6o\xd1l\xab*i\n\xe5\x04\x9b}\x16\x06=\xe4\x0ck*d\xb7h\'j\x9b\x08\x06\xf5\x0b\x16e\x96P\x1c\xba"\x07\xf2\xc9\x00\x1b\xe1@\xb7U\xac\xc5\xc29\xd84\xe1R&amp;\xc5|H\xb1\xc2\xf7A\x06U\x16\xa2\xc5=P\x02\xc3\xc9\x01*\x80@Sn\xa8\x11\x15t@\xceP\x1c\x80\r\xe6\x81\x8d9y"\x15&amp;\xfb\xb6@\x10\xdez\xa2\xc1\x9c\xa9h\xf5A!\xb7AT\xf5A&amp;S\xdd@ \xa9sr\x02M\x9a\x03\xc9\xc5\x00\x1b"y cE\x08?\xd5\x04\xe1\xf0m\x90\xc8\xa1\xd3nt(4\x9d\x15\x9br\x03%)(M\xa4]\xc9Z-f\xe7\xa3Y9\xc8\xd4]\xda#\xa9\x16\xea\x88IeAX\xa0\xc9\x04\x13EJ\x10\x03\x0c\xc5\x90Po5k:[\xcd\x02-\xba\t#\xdd@\x16HY\x04\x96\xf3A\x12\xe8\x80-\xe6\x82)\xb2\x04Z\xefT\t\x04\xf1\xca\x81J\xe2\x94\n\x9e\xa8%\xd3\x94\xb4@\x1di\xe2\x819\x02\xf8\x90\x06\xda\xa0\x9d\xdd\xddP)x\xb8\r,\x80\r\xe74\x05\x12\xcc\x80\x96\xb5j\x81x\x90\x03\xe2@\xc6\xbb\xb3(\x04\x0cs\x91(\x00\xdf\x87\xcd\x01\xac\xcf\xee\x80=.\x80\xf9r\xa0)\xea\x80\x1a\xcf\xa2\n\xe1$\x0e\x97L\xf5@o t\xf1j\xd9\x19j\x8d&gt;\x10\xaaDZ\x90\xeeK\x1a\x14\xacSW\x04\x14\xddEH\x1a\x00\xfc3@\xc3\xaf4B\xe9\xea\x81\x81O\xaa\x19(\xd2\xe1\xc1\x0cR\x8bT\xf4\xca\x82\xb3S\xc1\x01WD\x14\x1d\xc9\x03\xaa\xf3Ae\xd4\xee\xa0*w\xa2\n\xab\xa2!a\xd6@\nw\x904\x15T\xc2\x06\x819\x005\xdeE\x9a \xda\x82\x85S@ \x10:\xba h\x04\x02\x05WD\x05]\x14\xda\x1d7Sh%\xd1h\xa1\x95\x01g \x01o\x87T\x07\x85\x01\x96H%X\xa3$\x12\x1d\xc9\x01\xc3y@)\xba\x01\x00\x82\x9b\xa2\xb0U\xd1\x01WD\r\x00\x80\xcdR\x01\x02\xf8B\x03y\x00~T\x07\xca\x82MG\xc2\x80:(\x0b\xe1@x\x90_\x89l\x12\xae\x0bX\x04\x02\x01\x02\x15o\x04\x00\xb0\xea\x80\xdeA(\x04\x02\x01\x00\x81xP\x0e\xd1\x02K4\xb1\xe0P\x18\xd3uZ\t\x00\x80\xf8P\x07\xec\x82i\xea\x80\xa7\xc2\x80\xa4\xa0\x1d\xaa\x02\xae\x88\x11\xd1\x00\x1d\xc9\x00\x80wD\x02\x02\x9b\xa0N\xd1\x00\xdd\x10\x1e$\x07\x0f\xea\x80r\x03\xc4\x82s4f@\x1a\xa6\x80\x15M\x00o\xaa\x03\xe1\xf0\xa0\x10.2j\x06\x82P\x08\x07\xf1@ \x8a[$\x04\xba N\x1f\x12\tE\x80\x01@9\x8a\x00\x19\xcdX\x92\xdeh$\xe5\x1d\x16\xd0\xc6\x8a*\t\xcd\xf2T\nd\x10\x14\xf5P\xb2"\xa4\x13\xbb\xbed\x15\x84s\t\xa0)\xfa"\x087\x9a\x0b\x14\xcd@)\xea\x80\xbbPIi\x9eek\x03Y &gt;$\x08\x8fD\x00o4\x0c\x8f\x12\x0bP\x82\xd6\xd2@|\xa8\x0e\x06\x97h\x80\xe1\xac\x905\x92\x88,\xe4\xaaPRg\xd5R\xc52AZ\xe8\xeb\xa9\xda\x12}\xdf\xdd6\x14\xbe\x1f\xba\xa5\xad\xad\xb5G\x8a\x80\xcd\xb5D\x10\x9a\x01\xda \x95kP\x0e\xe0\x89\xb0\xe5\xd1\x13a\x1f=\x11\xa0:\xfa \x1d\x99\x16\x99{\xa8\x0e2@Sd\x15OT\x12\xe6\xdb6\x88\x02\x04\xd0T\xb5\xfd\xb8\xa0&amp;\xe6\xcf\x8a \xdbQ\xde\xca\x81\x9c\xa1\x16U:H\x1bX\xde\n\x10$\xdf\xaa\n\xa3\xaa\t\xa6\xfd\x10\x14\xdeJ\xd6)\x96d\x01m\xb4\xba\n-\xbe]P\x14\xdf\x84\x94 \x06\xf2A\xd8C\x84\xd1\x99\xc8(9\xa3y\x02s\x83Pd\xf8\xbe\x14\x19\x9a\x9cQPK\xa2:\xcb\x0e\x9e\xa8\x8d\x89|?t6T\xc9\x1c\xce\x9f\x0e\xa8\x1d\x1dU\xad!\x9e \x81\xd0d\x81\x16r@\x16\xda\xe8$7\x9a\x06[1%\x08M\x14\xa0\x82\xdb\xabV\xc8\xb5\xdb\xa8l\x9c\xcb\x05\tH\x14\x84\x19\xbe`\xad\x81\x16\xcb\xfa+\x8b*l\xb0A\x94\xe6\x82]\xaa\x06j\x97\x92\x84$\xf0V\xb2r\x05\xc2\xa0\x80\x97\xc2~\xa8\tt@\xb8\xf9 _D\n\x96\xca\xc8\x01\x97*\x02\\\xfe\xc8\x1d&lt;.\x804\xda\x9f\x95\x01\xff\x00\xa7\xcd\x05\xfd\x10A\xa4\xee\xf3\xfa\xa08\xee\xfa \xac\xbfD\x086s@\xd0;R\x80\xeb\xf6@\xc6\xf7\xa2\n\x1f\x12\xa7=\t\xf8\xbe\xc8h;R\xa5\xd05\xbd&lt;\x90M?d\x14&amp;\x81\x80&amp;\x81\xe5AA\xb6@\xc7\x8a\x9e(\x19\xf1#\x94\x844\xddGY\xe8\xd0?\x89\xb7\x9a\n@\xe9()\x02\x1ak$\x14\xd4\x00\xff\x00: \xd1\xae\xb29\xe8\xeao \x86\x94\x8d?\n\x06\x80@\xce\xa8\x18\xb6d\x0c[D\x02\x0b@ \x10\x13\xea\x80@\xea\xe8\x81\xa3!9\xd3E\xc2.\xe6\xa1*@\xcd2@\x90\x05\xae\x9a\n9B\x06\x80@\x87\xba\xacI\xf7y\xa0T\x99\xd2\xa0\x03\xe6@p\xde@\x0f\x89\x03\x9fT\x02\x00}\x15\x8aj\x00e@TP\x02h\x0f\x85\x00\xe4\x06\xf2\x00R\n\x02\x99\x04\x13U\xd0\x15]@7P\x00\xcf\xc2\x81x\x96\xc1\xa2\xb8\x13\x96\x03\xc4\x80\xab\xa2\x00\xe9\xba\x82]\xd1\x00~d\x02\x01\x00\x80@ M\xd4\xf9\xa0\x06T\x03\x90\x1b\xa8\x12\x07\xe7\xc5\x04\xea\x10&gt;9\x9a\x82Kn\x80\x1a\xe6@\xf7B\x04=\xd2\x80\xdd()\x04\xb9\x02\xfd\x90Z\x08@|\xba\xf3@ %\xd1\x00\x80\xa6\xe8\r\xe4\x01\xf7J\xa4\x90\xa7uJ\x86\xea\x03\xc2\x82s\x17 cT\x0f\xe5@9\x04\xa08Y\x01.\x88\x15\x9a3 7\xb4@f\x9d\x94\x00\xe9\xba\x81\x06\xf2E\x8a|RA%\xb6\xd1n\xd0\x92\xdaE2M\x83\x8dK\x03@\x9c\x82\\gn(3-\xb8u3-V\xb5\t\xa0\x1f\xc5@\x9c\xc8\x1f\x0c\xdc\xec\x81}PK\x83\xbd\xd5\xb0J\xb8+\x95\xd6\x06\xa0\x04\xd3f\xab@\xcd-\xd4\t\xc2\xea\x01\xe2\xab\xc2\xadc\xed$\x05=P\x14\x99\xcc\xa3(\xf1!\x04\x8e\xadP\x93\xe1d\x00\xd1\x02\xcc\x80\xcd9 h\x01\xf5@ N\xf3V\xb4\xbbC\xaa\x0bb\x05L\xce\x88*\x9b9\xbf\xaa\x84\x10o$\x0ftT\x10$\x01\xd6\x96\xf0V\xb2\xcd4\r\xad\x91B\xdd\x9d7\xf2G*\x0by"\x93OTY\xa0\x10\x01\xb6\xe2\x80\r\xe4\x80@\x16\xf3@\x16\xd4wP::}\x90#\x94o )\xe2\x81\xca\xd9\xae\x88Pm\xb3*\x01\xd2\xcaU\xb1\xbcw\x90\xd8\r\xe4\x86\xcc\xb4\x83R\x83eMA[E\xe5p\x81\xbb7) \x9c\xde\xf2\n\x03\x9a\x00\xcd\xa7*\x81\xd8\xa2\x19\xb8\xdd\x06e\xf5\x14\x082\xff\x00\xd5\x03\x10\x91\x7fK\xa3\xe2j3g*}\x10\xd8k,\x86\xc5\x15\x1c\xca\xd2%O\xa2\x02Z\x04X,\x08\x02\xdeH\x82\xa2\xa2\x81\x11PA%\x9c\x90\x05\xb4\x94\n\x9e\xa8\x123isd\x86\xd2\xe5\rIo4\x10\xf6[\xaa\xd82\x97Eqa`\x92\xdeRA4\xdf\xa2\n?*\x84 \xfc\xaa\xd6DZ\xa4\x13*\xb3S\xaa\x05OT\x0eV\xe6\x82Ky\xfa\xa0\x0bm\xa0A2\xf2\x9f\x04\x14[t\x12~\x14\x07\x85\x00j"\xadP\x1c$\xe4\x14\xd1N[\xa0\x91\xbd\xa2\n-\xf7\xbd.\x80k[) cJ\xbd\xd0\x80\xa7\xaa\x02\x9b\xcf\x8f4\r\x01&gt;\xa8,\xb6\xea\x99\xa1/u\r\x17\xc2\xa5\xa1\xc8\x18\x17\x9bP\x08\x1eo\xec\x81\xb7D\x0e\x97t\x9a\x07\xc6\x99\x84\x03P\xd6\x8cj3 \xa1\xc7\xaa\x037\xd5\x03\x1f2\x02t\xf0Ah\x13t@\xc7\x85\x05 \x03\x8e\xebQ\x9aPu\xf8!\xa3&amp;\x92\x89X\xb6\x88\t\xf5@\xc3\xb9\xa0h*\xabu@\x07\x16\x94\r\x00\x81\xb5\x01U\xba\xa0\xa9\xf5@\xb8]\x05\x07]\x02wDdMS\x08\xb8\xa6\xb6\xca\x12\xa4\x07\x19 \x10\x1b\xc8\x037 *\xab+PW\xca\x80r\xb1?\x12\x07\xa9P\x12\x04\x08\x92\x03.\xadr\x06\x80@q\x91j\xb1_\xcc\x80j\x01\xba \'\xaa\x00\xfc\xc8\x0f\n\x037$\r\x02\xab\xa2\x085p@n\xa8\x0f{Gh\x80\x0e\xe4\x80\xf9V\xc0O\xaa\xb8)\xcb\x04\xa0\xb4\x02\x08@ \'\xd5\x00\x80@\x13\xe1@\xed\xd5@\x9f\x12\x06\xac\x08\x11\x92\x02_\xf8\xa0\x0b~\x15\x01\x0f\xb2\x06~d\x10\xddP\x0eV\x07 \x0eb\x806\xca\x82\x85\xf4A#\\\xa5\x03\xb6\xf2\x04\xe4\x03P\x19d\x82\x90\x08\'\xe8\x81 \x10\n\x92v\xea\xa5D\x7fT\x02\x05\xf5@x\x90\x14\xfcG\xea\x80n\x88\nz\xa0h\x04\x19\x97r@\xc6\x88\x02&lt;J\x029\x90\x1c~$\r\x04\xd3\xc5f\xc0\x9b\x10\xb4\x04x\x90\x08!\xcd\xb7\x92\t\xb7Uk\x1f7\x14\x13*\xbc\xd0\x04;\x8a\x04,P:\x8f\x92\x03\xc3\xcdL\x13M\xfa+\x82\xda\xd9,\x0b.\xef%\x00\xa6\xddU\xa07D\x06\xf4\xda\xa0*d)!Z\xcb\xc4\x81\x9b\n\x90\x036Te\x0e\xf0\xa1\x0eD\xddB@\x1c\xd0\x05\xba\xa07\x85\xb4@\x8dSV\x15W\xe8\x80\xa9\xda\xa2\xc3\x90J\n\x1ez\xa0&lt;H\x18\xd6h\x1f\nT z\xd4\x809\x82\n\x03Gk&gt;\xa8\x02\xdeh\xb3\x95\xear\x01\xba"\x08\x80\x11\xa0\xc9[\x13\xbc\x04\x91b\x9e\xa8\x03T\x90R\t\xf0\xa0\x0f\xfe\xa4\x14\x1b\xc9\x03\x02\x9c\xaa\x01.\x85\x02\xa5\xb3V\x19k|&lt;\x109tG#\xbfUA\x16rR\xdd\x80)\xdeCc\xe5Tl\x1d\x14\x9b\x1c,\x8e\x85\x7f2\x80\x97\xc3t\x00\xd6\xed@\xc5\xca\n\x19Z\x14\x0eS\x8e\xa8\x84\xef \x03&gt;\x19\xa0\xa0\xdeh,7\x9a\xb0\xda\xd4\x14\x19}\x14\x07O\x14\x04\xba+\x08\xb7\x92\t-\xa8(\x08\xb1\x02\xa6\x92\xac\x12\xe8\x80\xa6H\'{D\tP\x11(-\xe6\x81\x16\xdd\x14\x82\xd7{\xbcT\x89-\x13\xd5\x04\x11\xc9\x16\x83\xa6\xea\x04\xe6\xd9\x10T\xcch\x832$tE\x82\xdeh\x0buD$\xb6sw\xdd\x02\x1af\xd0\xd9\x16E\xad\x9a\x03t \x9an\x81\x11U\xdc\x80\xa7\xaa\x02W\xde@5\x02\xa6\xf4\xa0\x06\xbf\xd5\x00\x1bz[\xff\x00(\x18oO\x89\x01\xc3\xe1@\x1f\xf3\xa2\n\x1b\xce@\x90\x12w\x89\x00\xde\x88\x01U: \xa0\xdb\xe8\x81\xd3I\xd5\x19W\xf2\xcdR*\x1d\xaa\x97@\xde\x88\x07z\xa0~Z\xa05\x9em\x10W\x11\xd7\x8a\x044@\xd0]\xfa\xa0H(S&gt;&gt;H\x03\xc9\xc8\x1bu\r\xa6H\x06\xb6\xff\x00\xa2\x07\xe2AS\xe8\x80\xa9\xbc\x90\x06h4\x9d&gt;\x88%\x9c\x10Q\xd7\x9a \xdb\xf4@\xfc\xb8 \xa7t@\xfcH\x18-@UyR\x82\xc6\xa8\x11\xd5\xc8\x1a\x0bA5tAA\xde$\x06Z\x90R\x04\xd4\t@|*@\xc6\x88\x04\x05RY\xa1\\\x04\x93@\x1an\xad\x05\\\xd0\x12n\xba\xab\x06d\r\x04\x11Q@\x16\x89I\x02n\xaa\x03\xaaH\x10\xde\xf5@\xd5\x8a\x13@xP4\x11Sf\x80@\xc3\xa7{\xa0H*z )\xb7T\x03P4\x0b\xc4\x82P\x0f\xe2\x80\x1a \'\xd5\x00\x82\xd0F\xf2\x0b@\x9c\x82P\x08\x13\x90\x07L\xa8\x12,\xda\xd9\xa2\x07\x85\x03@\x86mP\x12\xbdMP\x19\xd1\x02\xf1 \x0f\xca\x80\xa4 )\xea\xac#\xa6^\x08&amp;\xae\x88\xb0\xd4\x15\xc2h\x84\xb9\x01OT\x14\x80@ GD\r\x00\x80A.@\xb2\xd4\x81\x96\xf2AH!\x00\x80"\xf6\xb2\x01\x00\x81x\x90\x1f\xca\x81\xa0^$\x06i\xa0\x97T\x81e\x92\x06\xa1b\x9f\x14\x90\'h\x88$\x02\t?2\x04\xb2\x04\xeeJ\xa0\x95u`3\x9a\x8a\x82\xa6\xfd\x15,\x1fv\xa4\x11\xc2\x94\x0ci{\xa0\\AS\xa1S\xf7S@\xcb\xd6k\x10\x0b\xae\x80V\xb4\xdd\xa4\xb5\xb3AJ\x02~\xa8\x15=U\x83{D\x00m&lt;V\xd0\x01\xcd\xca(\xa2\xeemX\x80\x80@Hn\xa0&lt;\x08 5\xdcP\x14\xddZ\xc8\xb6\xda\xa0g\xe8\x80\xa6C\xcd\x03\xf0\xa0=*@\x12\xde\rD\x0c\xb5n\xa0\xaame\x01\x8f\x89\x03@ \x10\'\x8bR\xac\x00\tf7E\x92\x07\xf1 &gt;\x10\x81\xa0R\xf8\xa6\x80"\xdc\xd0\x14\xf5@5\x03\xde@\x16\xf2\xd1\x01.\x88\x1e\x83\x82\x04\x0f$\x15\xe1T\x81M\xba"LS$n\xc57Rl\x1b\x90\x84"\xdaw\x91q%\xbc\xd1\xaa\r\xb2\x84\x06\xa0c\xee\x10r)\x9a\x0b\r\xe4\x81\x86\xf3@\xc0j\x0b\r\xe4\xac:y \xa9tP\x04\x12\xe0\xac\x04;\x8a\x05n\n\x02\x19\x8a\x05CP\x14\xde\x94\x12g9+\n\x99 \x834XD\x02\xd6\xc9RP\xe6]\x14Ml\x94\x88,A%\xbf\n-%\xbc\xd0\x04[I\xa8A\x06\xb7\xc2\xd4\x19\xb9\x97\x9f5kAo4\n\x92\x80\x1cu@\xa9\xa4 \x03y \x92=\xee\x08\x155Y\x00C\x9b\xe2\xd5\x02\xd3K\xf9\xa0\x9ax\xb9\x00&amp;\x80\r\xba\x02\x9e\x06\xe8\x04\x056AT\xf3j\t\xa7\xee\x82\x84\xadJ\x032\tA|7u@}\xe4\x81\x8a\x9a9 )\xbf\x14eh\xa9\x154;U-\x12\x96\xa6\xc8\n~\x88\xb0-\xa2\tn\xa8(~\xa8\x1c\xaa\xf5@\xe9\xeaPZ\x04\xd4\r\x01.\x88\x18\x9a\n@ \x102\xdeH\x01\x99\x03AE\xaeh\x05\x03\xde\xde\x08\x81`d\x81\xb5\x00\x1d\xcd\x05\xf1\xfd\xd0\r\xd5\x03Ah\x13P4\x0c\xe5()\x00\x80@O\xa2\x07g &lt;(\x07 a\xdc\x94\x02}P\x05\xae\x9a\xdd\x03u4\x0b\xca\xe1P7PU\\\x90\x1b\xa1\x01\xe1@\xd0\' \x99tP\rwU\x82\x9b\xa0\xb4\x0b\xc2\x80\x1fD\x05&gt;\x14\x12tAh\x10\xf9\x904\x0b\xf9P\x0e@\x02\xde\x08\x1a\x01\x02r\t"\xa4\x02\x0b@\xbf\x96\xc8\x1a\x05\xe1A(\x04\x02\x01\x00\x80: \x94Z\xbc\x08\x81.\x88*\x9e\xa8\x10\xd5\x02P\x04\x02\x065A.\xb6T\x03\x95\x87\xc2\xdcPM?\x17\xdd\x16ml\x90-\xe4@\x01\xc8)\x04\xa0)\xe0\x80@I\xc8\x04\x06\xe8\xcc\x80\xde@ \x10L\xfa\x7f\xe4\x80r\n@ \x9ao\xd1\x00\x1b\xcd\x01OT\t\x01\xc2\xe3\xee\x80@ \x10\x14\xcd\x02\xa4{\xa8$7\xc2\xa0\x14\xd5d\x01\xd1\x02&gt;\xf2\x02\x9bu@\x90\x07\x99Y\x04;UP\'6j\xea\xc0\xa4h\xa2\xa19\\U,\x8bir\x04\x7fT\x08i\xfdP:m\x9b\x8a\xdd\x02\xfdS@\x97E\x80\x97\xbc\x80@\x19 \x06\xbf\xb2\x00\xff\x00\xca\t\x15\x1d\x10Q\xff\x00\x94\x12\x1by-\xa2\x9b\xee\xa8\xa1\xbbU\x884\x08\xb6\xe8\x19\xf7x\xa0GL\xa8\x18m\xf7P"\xdeH\x11g$\x13GO\xb2\xb5\xaa\x99 \x0boJ\x06\x1a\x1cd\x80\rm\x91\x06[\xcd\x05\x01H\xe6\xa0*m4\r\xad\x92\x02\\\xdd\xf4@n\x84\x11\xe1V+\x8d\xd1d\x80@5\xb3\xf5@S\xfa\xa0n\xd5\x02-\xe6\x80\xcbR\x02]\x107j\x80\xa6\xf2\xa9\x03\xa7\xc2\x80\r\xb2\x03\xec\x81\xd2\xee\x01P\x06\xa8\x8adz\xa26\x05\xdd&gt;jY\xb1\xe2E\xc0\xe6\xf8\x91p\xa5m\xd4j\xed\xd5B\x13OT\x056\xe8\x83\x96\xd6\xcd\x05\x86\xf3@\xe5\xd1\x03\x01\xbc\x10R\x00\xe5\xe6\x80A\'6`\x81-\xd8utM\x84%9\xac\x055\x19\xa0t\xf5V\x14\x80(\x02*("]\x10\x08\x15\x9a\x819\xa8\xcd\xa6\x9e\xa8m\x99e\xd1\xa4[N\xf2\x08"\xf5"\xcb\x8eW 8fj\x84\x02\xdeh!\xdc\xa9A\x9d=U\xac\x8b&lt;T\xf9#;\x97vy\xa1\xdd$xHF\xef`{\xa1\x10\x08\xa9B\xc0k&amp;\x82\\\xda\x96\xc1?2\xb8\x1d6\x92\xc14\xe8\x80-\x95\x90 \xdfY yG\x03t\x02\x02\x9b\xa0\x10\x01\xa3y\x01.\x88\x01\xafT\x0cS\xfd\x02\nko\xd1n\x90\x0b}S@\x1aS%\x82\xa5\xd1\x00\xee\xa8\xc9\t\xc6\xe8\xb9\x0b\x98\xe0\x8d\x08\x1d?D\x056\xea\x81\xcb\xa2\x01\xdd\x10P\xf8l\x10\x1e$\x0f\x84\x90\x1dd\x82\xd0\x08\x04\x00\xf8\x8a\x06\xd4\x0c9\xa0\xcd\x05q\xa9\x10\x0b\xac\x80il\xb7\x8a\x06\x1b\xc9\x03\x1a\xf9 \xa4\x0c\xd34\x03P4\x16\x81e@\xd0\x08-\x02\xa8 \\2\xa0\xa1$\x0f\xc2\x81\xa0T\xf5@\x1f\x85\x03\x1f*\x01\x05|\xa8\x06\xa0\x1d\xa2\x06\x81|\xc8\x0c\xc8\x1a\x08AG(\x9a\x03\x92\x00\xf9Y\x01\xe1@5\x03@\xbeT\x07\x89\x01OT\r\x00\x815\x00i\x92\t\r\x17\xa9\x05\x0f\x99\x01\x99\x02v\xa8)\x00\x81p\xcc\x82PW\x0c\xa8\x1a\x08?*\x01\x004@\xc6\xa8\x1ed\x07\x89\x00\xd4\x12\x80\xf9\x90\x08\x03L\xd0\n\x00\x81\x8a|H\x12\x05\xcd\x00F\x9f\n\xb0\xdf\xc5\x00\x81|\xc8\x03\xf2\x94\r\x00\x81S\xd5\x01m\xd4\x07\x1a\x904\t\xc8\x17\t*H@ 8\xee\xa9P\x13@ \x10\x17\xea\x80@ \x9e\x14\xa0\xa4\x01\xbe\xa8\'2\n@\x9d\xa2\x05\xf2\xa0?\x99\x04\x86\xf3@\x19\xcf\xff\x00\xba@\x1a\xa5\x99@\x94\x01\xd3I _2\x04~\x1b\xabX\x03\xdeP%\xc8\x13\xb5V\x13E\xd076\xca\x10\x89K\xaa\xb5\x89u@\x8bd7\x90\x14\xdf\xa2\x04\x81\xfcH\x17\x06\xa0\x10\x03I\xad\xa2\x99\xc1EB\x8f\xba\xb0E2*\xd6)\xea\x80l\xe6\x82\xcf\xc2\xa1\x01\xc8&amp;\xa9\x8f$X\x0e\xe4\x80AM\xd1\x01OTBN]\xd4\x14\xd0\x82]\xa8V\nj\x13E\x90ij\x0bhP\x83\xa6\x7f\xca\x80\x97D\x0e\x99\x14\x08\xb7\x9a\x00\xb7\x9a\x06[d\x19\x90\xe5a\xc9\xc8\xb3\x93d\x80\x90\x97Dd\r\r\x99D\xe4\xaaj\x1d\x152\x11e%\x17(\x97E-\x02H\x17\x97\xaa\x06\x80\xa7\xee\x81\xb7Z\xa4\xa1\nA\n\xd6r\xe8P\r\x17A[\xa8\x8d\x00\xdeH\x93\r\xe6\x8d\x84\x8b\x89\xa7\xd1\x1a\xa5\x00\x97\xc5de\x08G07\x9a%MAT\xc9\x00\x80@\xdc\x80r\x03\xee\x81,\xd8\x96\xa6\xc2Z)\xba j\xc4\xfc()\x04 \x84\x04\xba Y\x91\x9a"\xdb\xa1\xa4\x96\xf2F\x95!\xc8\x11`\x9a\x08sd\x81\x06\xd9@\x08\xf1 \x92\xdeH&amp;#d\x15\xad2\xb7\x929\xe8\x8b~$4\x0by#Y\xcb\xa2:I\xb0x\x00\xa1\x83\xe6\xfed\x10\xe6\xff\x00*\xd8\x15=U\xc0S\xf5+\x02\xcb\xee\xa0%\xef \x08j\t\xa7\x92\n\x97\xbc\x80\xcc\xd3\x95\x00C\xa7\x99\xa0 ?\xc9 \x10\x01\xb7D\x18c[\xcd\x03\x95\xb7\x97M\n\xfdVhHm\xd4\x0b\xf8\x90B*B\xa6\xfd\x11R\x06\xea\x8c=\xe4\x01wK\xca\xc8\x04\x15\xe1@\x06\xfb\xa8\x00\xdeh\x1b}P\x02\xf2\xb5\x901\xff\x00\xa5\x05_\xc2\x10\x08\x04\x0cJ_\xa2\x06\x81\n\xb7P[tD\x18o$\n\x9e\xa8(}\xd0Q\x9a\x01\x03\x1fd\r\x00\x82\x9a\x81\xa0\x10\x08\x1f\x85\x01\xe1@4\xbbD\x16\xd4\x0fy\x02\xf1 &lt;H\x1a\x01\x05\r2\xa02\xc9\x01\xf2\xa0&lt;(\x1a\x01\x00\x81xP4\t\xa8\x0e\x12\xa5\x01\xfc\xc8\x0f\x12\x01\xba h\x13P\x15tA$\xf8jAN@\xd0/\x12\x01\xda \x7f\xb2\x03\xee\x815\x00\xe4\r\x02\xf1 &lt;H\n\xba \x1a\x80\xf0\xa0\x93\xa2\x04$\x81\x82&amp;\x80\xf8\x90\x08-\x00\x80A\x13\xe8\x82\xd0A\x92\x05WE\x01\xa0\x10\x08\x11\x9a\x06\xac\x08\x04\x02\x05;\xd2\xe4\x06\xf1@\xd0!4\x05=P4\x02\x01\x029\x95$9\x00\xd4\x05]\x14\xa8\xd0*z\xa0)\xea\x80\xa7\xaa\x05.\x88)\x04\xa0\x10\x08\x04\x02\x01\x00\x82]\xaa\x02\x9e\xa8\x14\xba \x10"\xdeH\r\xee\xa8 \xb7\x92\x04\x8b2\xdeJ\x03A\x9b\x82\xb0\xa9\xa4\xa0\xb3\x9buB\x13.\x81Z\xd3.\x81\x04\x99{\xc8\x02\x1a\x81\x16\xd3\xd5\x03\xa7\x82\x04j\x99\xf8P9\xf4@-\xa0QP\xae9f\x16\x01\xd7*\xd6\x03[\xa5\xd4 \xc3i\x9a\x01\x00[\xcbT\x11\xc6j\x96%\xd1h\xa0-R\t\xcd\xa2\x0bP\x82\'\xd5\x00]dZO\xca\xacPu\x904\r\xca\x107\x90\x19e$\x05W\xe8\x80\xaa\xddPV\xf2\x006\xc8%\xc1PB\xfa-X@\xc3y\xa3"\x85\xf4D\xe4%\xef*e0\xdb\xa2v\x97h\xa5\xd9(\x1d%\x00\x03x \x07\xfe\xa4\x15\xc2j\x10&amp;\xd6\x8c\xa8$iO\x15k1\xa2\x06\x80AH\x80\x8c\x843j\x8b\x81\xda\xa3CT\x03\xf9\x91\x94\x90\x8eu=Q*\r\xe4\x80@\xf3 H)\x02:eA\x19\xac\x10U.\xf5A.l\x90R\t\x15pAK\xa6\xc0\x9b\x02\xc0 \x83\xa2\x05I@\xa4\xe4\x08\x8a\x90\x08\x15=PAm\xd0)tA\x99o$Y %\xd5\x04\x99\xa0T\xdd\x00m\xaa\x08\xa6\xe8\xca\x1c\xdb\xee\xa1\x13OP\xa7MHo\xc4\x9a\x08\xb7D\xd0D;\x8ahL\xba*\x04\xba \x10\x1a\xef \x0e\xa7\xf5@\x8eT\r\x00\x81\x16\xdeU#6a\xb7\xcc\x86\xd5G\x1f\xddR \xf0\xa2\xe0\xa0\xba\x9c\xa8\x93\x95G\xcd\x12[\xa8D\xf0\xfd\x94\xba@=\xeb\xa3T\x07\x85\x01O\xfc 7P\x06R\xf3@\x06\xd9\x03\x97T\x06\xe9\xdd@ m@\x06\xd3\xc5\x05k\xbc\x80@\xdc\x80\xf0\xa0c\xe8\x80\x97Df\xd4\x1ax\x846\xaa|(\x95 \x04\x90\x08\x0e2@\xfcH\x19\x0eF@\x8b\x84&amp;\x8di&gt;\x88\x81.\x88\x04\x0f\xe5@9\x03\xde\x08\x18\xf9P?\n\x03u\x03@|(\x04\x02\nj\x9d\x03\xc4\x9a\x03\x95\x00f@\xd0/\n\x00M\x01\xf0\xa07P&amp;\xea\x81\xb9\x01WD\x03P4\n\xab\xf4@e\xb4\xd04\x0b)\xe0\x80\x1e\xf2\x03\xf9\x90\x14\x84\x05=P4\x02\x04&amp;\x80\xf1 \x1a\x80\xa6\xddP\x0et\x90\x1f\n\x01\xa1\x00\xed\x104\x10\x07\xc4\x815\x03AT\xf5@|(\x07 h\x13\x90\x13\xd1\x03A\x9c\xdb4\x01\xcd\xa2,\xc3l\x80D\x10\xfb h\x1d\xba\xa0H\tu@K\xa2\x01\x00\x80@ \x10\x08\x02\xdeh\x04\x02\xa4\x81\xa2(;\xa2\x01H\x10/\x99\x01OT\x05#\xdd@5\x03@\xa9\xea\x80-\xba\xa6l\xd0\xdaT\xb4\x1fx\xa0\x10\x08\x04\x07\xdd\x04\xe5\x9a\nA\x08\x029\xa0A\xb5q@\x16\xfdT\x05\xa1FD\x1c\xc6J\xd7\x04\xa5\xd5\x1a\x1b\xd5@\x0f\xbaQ\t\xa5\xb3\xcc\x80"F\xae\n\xd5h\x16\xcc\x88\xb1&gt;$j\xe8\x1e\xea\t\xa4NH\xb2\xa7\xaa\x00\xfc\xc8\x00\xdeh\x1b[O\x1a\x91\x00\xb6\xe8\x1d6\xdd\xd1@3}P\x1c\xd0R\t\xa6\xddVh\x01\xad\x9eT\xd0\xa0\xdeKD\xd3b\x80\xbfUkO\xf3 \x03y\xa0)\x08\x19\r@K\xa2\x02]P&gt;\x14\xa08R\xe6\xa0&lt;((5\xd3@\xf7Q\x02\x91\xc5s\xd0\x0ek94\x14\xba.\x8b\x12\xbe\xf2\x02]\x101I\xd1\x01\xc3u\x1c\xf4hh\xa5&lt;\xaa\x9aTu@)X@n\x8e\xa8\x1eo\x12\x03\xf9\x90$\x04\xba n\xd1\x03\r\xe4\x82\x86d\x12C\x91\x00I\x16&gt;TB\xa9\xea\xa0J\x01\x0786\xc8\x0c\xd5 n@U\xd1\x01\xfc\xa8\x13\x9c\xe9\xa0\x03\xaf$\x0f\xc2\x81I\xc8\x04\x02\x04\xdd\x100\xeb\xad\xd8\tjl\x15T\x15\x01\x04\xd3~\x88\x12\x01\x00[\xcd\x02\xa7\xaa\x00\xb7\x92\t\xa5\xbc\xd0*z\xa0\x82\xdeH\xb2\xee\xda\x82\x0b9 Ng\t\xa0E\xb7A4\xf3@4f\xca\x8c\xa6\xe6\xcd\x08\x8e\xee\xf2[\xa4\x8a:}\x93BK\x02h"\xceMM\x08,2X\x10a\xf2@\xa9\xbfDY\xc9\xc8\x15&lt;\xd00\xdfD\x04\xba A\xa3\xeb\xd5\x05K\xa0T\xe7\xb1\xf2\xa1\xb03)!~\x88\xb8mD\x8a|&lt;\x91!\xc1\xca\x88R\xe8\xa5\xd2\ttF\x83$\x057@ \x05\xb4@\x1f\x12\x07L\x82\x007\xaf\xaa\n@ &gt;T\r\xda\x0f$\r\xad\xb2!T\x84\x08\xb0\x14\x14Y\xe6\x80\x01\xa8\xcd\x99\xf8P\xd8\x1c3#T=\xee\x08\x00\xddP=\xd4\x00\xf7\xa9@f\xfa\xa0h\xc8\x0bl\x8b\x84\xe4k[\xf5D\x12\x01\x03\xcb\xe6\x80\xa4;G 7J\n@\xf9 h\x04\x02\n\xf0\xa0&lt;(\x1a\xdd$&amp;\x82\xf9\x96(x\x904\x02\x01\x005\xdd@\xbfD\r\x00\x80@ %\xd1\x02\xa7\xaa\x06\x80@\x1d\x10&amp;\xe8\x81\xef Y\x90\x05\xd6@\t\xa0&lt;(\x1a\x04}\xd4\r\x00\x80@\xb2\xc9\x01\xc3\xf4@xPNj\x90\x1cMH\x03L\xd0\x15Z\xe8+\x86\xf2\x04\xddPR\x05\x9ah\x07 \x0f\x14\x12\x80\xa7\xfe\x10 \xeau\x08\xb3\x1aM\x02\xde(\x83@~\xc8\x0c\xa5\x00\x80@ \xb4\x0bv\xc8\x1a\x08@\x06\xd9\x01/y\x00\x80@\x1d\x15$h\x14\xa8|(\x04\x02\x06*\x92\x04m\xaa\x01\x00\x80\x16\xd1\x00\x80\x97EL\xd0\xe3$4%\xd1KB\x05\xc7\xe1@\x85[\xa8\x04\x02\x01\x00\x80A\x14\xdd\x00~T\x10M*\x05S\xd5\x19\x12[uk\x85*EH\xd2P\x01`\x88\x0eo \x807\x14\xa3%\x08\xb9\x00\x12\xba$\xdc\x82)\xf1+\x00m\xd0\x05\xb6E\x90\x15 \xb5\x88:|H\x12\x90 )\xa8\xa0%\xd1\x04\x9fun\x80\xd6\xca\xe9\xa1K\x00\xe9\xca\x94\x11\xf2\xabY\xd3\xd5\x01\xba\x81\xbbD\x0b\xe5AA\xb5\x19r@\x16\xdd\x03\xa6\xf2@\xc3[\xa2\x84\x15-\x08\x00\x1a\xdb\xabX\x19\xbd\x11\x00\xeb%:\x0e\x9e\t\xa0p\xa4*\x14\xd6\xc9\x04\x96\xdd\x00\xd6\xb5\x03\xd0\xa2\xb4\x06\xa8h\xcdRT\x94\x86\xf2@R\xdejA.\x88\x11o$X5\x1dP\x19\xa7t\x07\x89\x00&amp;\x81\xb8\x7f\x9c\x90Sn&lt;\x90H\xf9\x90Z!\x9f\x89\x16u:H\x85|J\x04\xa0\x0e\xb2A\xd8 \x94\x02\x01\x03r\x00\xb7\x92\x06\x81e\x9a\x00\xd3$\t\x00\x80@K\xa2\xc9\x01.\x8a\xa4\x06`g\xc1P*o$\x02\x01\x04\x96\xf2@o )\xea\x81 \x0e\xa8\x15=PJ\x04[\xc9\x02,\xba\t\xa6\xddP"\xdb \x9a\x1d\xaa\x04\x1aA\xfd\xd0"\xd1+\xa0FKe\x05-\xe6\xaaPSu\xbb\x10X\xd9\xf9&amp;\xc1Kd\xa5\x9a\x14]\r3s/%\xcfK\xd9S\xc14lK\xa2\xa6\x8al\x82KftAa\xa1\xaa\x90T\xf0D\x89tE%\xca](\x03\xd5\x13j\x9b\xa6Y\xa24\x10\xd2K\xb9#\xa2\x90@\x17\x9f\xdc\xa0\xb4\x13M\xc5*\x99j\xf2\xa2*\x08\xbek\xa9t\x14\xf8\x90\x03\xddAA\xb6@\xe9\xea\x80j\x03\x95\x91\x95yQ\x14\xc5\x82\xa6\x91\x04\xf3@\xda\xdb)\r\xcdt\x90\r@\r$\x82\x86\x9eH)\x02j\x02\x9e\xa8\x1a\x007\x92\x01\x00y7\xd5\x03\xd4\xa0\xa9u@\n\xbcH\x1d]\x10R\x044@\xe5\xd1\x04\x86\xde\xe8/\xc4\x81\xa0\x10Z\t\xb7UA\x89\xf8J\x06\xa4\x08\x04\x02\x01\x00\x80@\xaa\xe8\x81\xa0\x06\xa8\x04\x02\x01\x00\x80-\xba\x01\x00\x80@ \x10\x03Y \x10\x08\x04\x0b*\x06\x80@ \x10*\xba h\x17\x89\x03\r\xe4\x82\x0bn\x807\xd5\x00\x1b\xc9\x05\xa0^$\r\x00\x80@\xb2\xc9\x01\xe1A.\xe8\x80\xa6\xc8\x13t@\xd4\x01X\x10;\xf5@\x90\x08\x04\x15\xfc\xc8\x1a\x01\x02:\xe5@p\xa5\x00\xdd\x104\x10\x80@ \xaf\n\x06\x82\x10VY \x99t@n\xa0\x10W\nP4\x0b\x84\xda\x82~d\x04\xfa\xa0\x10 \xd9\x14\x03\x90I\xd1\x03@ \x10\x08\x04\x10\xef\x85\x01/y@%\xee\xa0\x876^) f\xa9+Ziq@\xa7O\x05\x08\x03\xde\x08\x1f\xc4\x81\xa0N\xd1\x16\x0e]\x10\r\xd1Z\x05=P4\x00\xb6\x88\x05\xcf@\x97\xba\x9a\x02\xd0\x8eT\r\x02\xa7\xc4\x81K\xa2\xb0\xf2\xa0T\xe6\xf8P:o\xd1\x02-\xe6\x8a\xd9\x86\xf3Cb\x834Hsf\x81\x86\xd9\x01.\x88*Uz\xa0)\xbfE\x00\xa4\xa0)\xea\x80\x95&gt;\x8b \x0e\xb3U\x00\x1a%R\xa0S\xd5\x03\xa7D\x04\xba \x0e\xa8\x0f\x95\x01\x97T\x02\x07n\xa8\x11\xb6\xa8\x04\x02\x01\x029\xb4A2\xe8\x8a\xda\x83n\x86\xd2[|\xa8\x95\x00\xee\x08\x1a\t\x93\x90#W\xaa\x02\x9b )\xb2-M\xd1\x03\xa6\xea\x10\x08\xf0\xd9\x075\x02r\x04l\x10R\x04\xdd\x104\x00o$\x01\x15 \x94\x02\x01\x00\x80\x1a\xad\x90R\xb9\x02sf\xb0*:\xa0r\xb6\xf2\x04\x1b\xe1@ \x10\x08\nl\x80A\x08\x157\xe2\x80-\xe4\x82]\x98\xa0T\xf5@\xa9\x9a\x02]\x10E4\x9d\x14\x05;\xee\xa0\x92&amp;4U(%\xd1T\xa1\x16&amp;\xc3\xa5\xbc\xd3bt+\x15\xa4\xef\x144A\xb7\xdd[\xa4l\xcb\x02h\xdb2\xdb\xact\x12\xe8\x81Sy\xa2\x17/\x87\xee\xa9)\xa7\xcaH\x0f\x89\x14\x08\xe9\xaa\x95Z\x0b~\x14E\xa5\xfc\xc8\xbd\x03\x99\r\x155\x1aQ\xa1\x01\' a\xbe&amp;\xa0\x0eUN;0\xdbR\x8a\x85M\xfa)t#\xfa a\xb6\xf3@S\xd5\x03\xa6h\x1d\r@\xa8\x13FU\x90\x02"\x9d6\xea\xa9\xa07\xde\xd5\x00&amp;\xa4\x03\xff\x00R\n@K\xa2\x05\xa0AN@x\x904\x02\x01\x05R\x10\x0e@\xe9o4\x02\x06\xddPR\t\xdd()\x03\x1au@7T\r\x00\x80\x1ao \xaa\xad\xd5\x00[t\x07\xc4\x81\xe5\xa5\x00=\xd0\x80@ M@\x0fy\x03@ \x10\x08\x04\x02\x01\x00o\xaa\x00\xeb$\x02\x02}P\x1f2\x00\xf0\xcc\x80\x07\xc2\x80@ 9\x84\x02\x01\x00\x81x\x904\x02\x01\x00\x80@\xb8o h!\xfcPSt@9\x00K\xba 7\xba\xa0\x06T\x00\xff\x00\xd4\x81\xa0N@\xd0B\x02M\xf0\xa07T\x07n\xaa\xc2@ \xa1\xee\xa0\x07\xc4\x80n\x88\x1a\x04\xe4\x07\x1d\xd4\x01\xf7P\'j\x81\xee\xa0&lt;H\x06\xa0\x1c\x81\xa0\x96\xea\x81\x86\xcc \x1c\x81\xa0_t\x05=P\x19f\x80\x1f\x12\x07O\x04\x02\x04\xe4\r\x023@R\x10L\xba %\xd1\x01.\x88\x15&lt;\x90+\xf5AH%\x04\xcf\\\xa8*]\x14\t9P\'5\xa8\x0f\x85\x01\' R\xa7\xd1\x02\x93\x90:z\xa0\x9f\xd1\x01\xc2\xc8\x02\xdb\xa0\xa0\xdej\xc0u\xddA2\xe8\x81\x9d\xe6\xa0|\xae\xa7Br\xbb\xc2\x9a\x04\x9d\xa5J\x85S \x82C\xbc.\n\x05o\x1c\xc8\x0c\xaa\xc0\x1bt\x03\x90I\r@\r)\x08\xcd\xa8\x0b\xd4\x86\xc7\xd9\x1ah\x02)@6\xe8\tt@\xb3M@\xa6\xe8\x80\xa4\xa0m\xd1d\x12\xfe*\xa0\x15\x00h\x81\x8c\xc8\x0f\x95\x05 \x84\x16\x82y \xa4\x02\t\x93f\x81\xd2\x10"\xdeH\x12\x01\xdd\x11\x9b\x1b\xa8l#B\x00\xb7\x9a\x01\x00\x819\x00\xfd\x07\x92,5\x05|\xaa\x10Nt\xb3 \xe6\xa0_\xcc\x80r\x03\xf9P4\x02\x01\x02-\xbd\x90$\x02\x01\x00\x80AJ\xc3\xb7T\t\x00\x81\x1f\x85\x01\xe1@\x90R\t@ )o4\x10Z\xd9 \x10\x14\xb7\x9a\x05OT\x05=P\x05\xbc\x90g\xe3P\x03\xaa\t2@\x83uV\x02\xdeh\x15=PM3F\xda\x0b]&lt;\xda"m\x14\xd9S2)j\x86(\xa2\xca]6\x0b,\x86\xcb\xbbr$\xcbl\xa9%M\xd1@\xe9d\x086\xeaUL\xb6\xc8\x8a\x82\xd9\x9e\x88\xd5Qd\x03\x9b4\x00n\x99P\x14\xf5@\xf2\xe8\x10)L\x10V\xc4\x93uW\x03\xca2\xa9\xea\xde\xe0S4\xeaw\x05\xb4\x9d\xeb)jC/\xbc\x8bP\x14\xfdQ\x07\xf2\xa0a\xb6@\x1c\xa1\x01\xe1AZ\x14\x02\x06\xd4\r\x02\xf8\x904\x0b\xee\x81\xa0&gt;$\x0cj\x81\xf8\x90\x19\x90\x1f2\x06\x82\xd0O\x89\x05 \x10R\x04\xd4\r\x01\xf3 \x10\x08-\x02\xfeeA\xa2B\x95\x0f\x86^h\x04\x0b\xe2@\xd0\x08\x04\x02\x01\x00\x80\xe3\xe6\x80@ \x10\x01\xbe\xeb\x90\x08\x04\x0b\xe1@\xd0\x08\x04\x02\x01\x02\xf9P4\x02\x05\xe2@\xd0\x08\x15]\x10\r@\xd0\x08\x0e\x12@ ^\x14\x03\x90\x12\xab\xd5@\x03\\\xdfU\xba\x0b\x8d\xd3A\xb7\\\xb3T\x1a\x01\x00\x80@\xbf\x95\x03A\x08)\xc8\'w\x82\n\r\xe6\x82PS\x904\x02\x05\x95\x01\xbc\x80r\x06\x81\xdb\xaa\tr\x01\xa8\x0f\x89\x01\xfc\xa8\x07 h\x17\xca\x81\xa0\x10&amp;\xa0c\xdd\x08\x04\x02\x01\x00\x81q\xdd@S~\x88\nz\xa0h \xb3\x92\x00M\x00\x80\x97D\x0b\xc2\x81\x16\xd9\x02\x1a(\r\x00\x82x|H\x11nT\x02\x02^)\xa0\x0f\xd1\x02\xe1\x95\x01\xf0\xa0\x0c\x95\x82\x9e\xa8\x1a\x01\x01.|\x10\x12\xe8\x815\xb2@5\x034\xc9\x01.\x88\nd\x80\x97D\x07\x1b \x10\x14\xdd\x00\x80@\x16\xf3r\x007\x92\x06\x1bt\x14\x82Hw\x14\x03\x82\x04\xa0Xm\x90\x1c39\x01O\xbc\x10O\x89\x05\x19+\x12\xe4\x03P\x14\xdf\xa2\n@ CD\r\x00\x1bt\x08\xe8\x89,\xc8\x14\xaf\xbc\x81\xff\x00*(e@S\xd5\x02:\xa0\x102\xe6\xe8\x80-\xe4\x81S5\x02\xa9\x08$\xb7\x9a\x00\xfc\xa8\x16j\xb7V\xc9\xa1\x11\x1d&amp;\xa9\xcb--\xd8fZ\x83@ \x10\x15q@\x0b\xe8\x80@\x8b\x8bP-J\x01\x00\x80@ m6V\x1c\xfa\xa0^\x14\r\x02\xf1 h\x13\xb5@\t\xa0\x0bl\x80\xf0\xa0H\x04\x12\xe4\x06\xf2\x04[t\x02\x04j\x92\t\x97E\x00\xa5\xbc\xd0"\xcb\xa0)\xbfEa\x16\xd9\x01O\x14\x11.\x8a\x99h\x97\xbc\x89\xb4\x8by)nB\x9e\xa8b&lt;H\xdd\xa4\xb6\xf9P\xd9J\xfb\xc8\xd0[\xc9RQM\xfa"\x81o\xbc\x80\r\xbf\x92*\x89\x7f\xe2\x88\xa07\x9a\x96\x02\xdeH\t:h\xa1OT\x08\xd8\xa0\x10\x12\xe8\xb6$Sup\x14\xb7\x9am:\x12\xbe\xea\xcd\x9a:\xba(P\xa4pE\nz\xa0\xa0\xc0\x80@S\xc1\x01.\x88)\x02\xa6\xddP\x14\xdb\xaa\x07MA\x01\xf2\xa0\xaao\xd1\x04\xe9\xba\x82\xd0):h\x06\xa0h\x04\x02\x01\x03\xf0\xa0\xa99\x00\x81\xf2@\x0fu\x03@ \x03y \x10W\x85\x00\xd4\rP\x11!J\x82\x03u\x00\x80@ \x10\x08\x01\xaa\x01\x00\x80@ \x10\x08\x04\x02\x01\x00\x80\xfb \r\xb5@ \x10\x08\x1d\xfa\xa0R\xea\x80\xf9\x90\x08\x04\x0b\xc2\x81\xa0\x10;u@\x90\x08\x04\x02\x02~\xea\x813r\xdd\x87\x95\xc16\'7\xbc\xa8Q\x1f\x11@\xd0/\xba\x03x \x1c\x80\xa7\xaa\x03\xe1@9\x01\xe1@\xd0&amp;\xa0h\x17\xcc\x80\xfed\x07\xf3Y\x03\x97D\x02\x02\xab\xa0\x10\' &gt;\x14\x0e]\x10\x08\x04\x0e\xddP$\x02\x01\x00\x81\xff\x00*\x05M\xd0\x08\x03\xa2\x01\x00\x80\x97D\x02\x07~\xa8\x12\x01\x04f\xa9\x00\x80@ E\xb5z\xa8\x05&lt;\xd5\x80\x87q@\xb36\xea\x00\x82|()\x04\x9c\xc8\x11\xcaz ^$\x14\xe5b\x90B\x06\xe4\t\x00\x81\x86\xf3@\x01\xcd\x00u\xdd@\x0fy\x01OT\x14i\x9a\t\x95&gt;\x88\nz\xa0\x03|H)\x04\xb7T\x14\x80\x1e\xf0@ \x10\x14\xb6h\x11\xd1\x03\xa5\xbe\xaa\x00f\x81\xf0\xe6\x82*((\\T\x80\xe13\xc5X\x92\xeeH)\x00\x80@ 7\x90\x08\x04\x05\xfa\xa0\x10\x08\x90]tPA;\xc6\xa4\x05=PR\t-\xe4\x80v\x88\n\xa9\x15R\xa0\x1e$\x07\x85\x0257*\x02\x9b\xd4\xd7-\x97b"C\xab*\x9c\xb1\xda\xdd\x82\xd4\'R\x80@\x06\xf2AH\x04\x01\xd1\x022@\x90:z\xab\x08\x8aT\xd0\xdb\xa2@\xa5\xd1PCD\x15\xe2@\xd0+5\x03@\x9a\x80\xde@\xd0;uA?\x12\x05.\x88\tt@\x16\xf3@ \x9d\xe4\x05=PC\xb5@\xfc(\x06\x84\x05=P\x14\xf5A%\xbc\xd0\x08&amp;NA%\xb7@\x16\xd9S4\xa44\x82\xdejZ%\xd1\x04\x16\xddP\x100*D\xa4\xb7\x92\x02\x9e\xa8\xa1\xa7\xc4\x81\x01juR\x03\xf0\x84\x13y\xd2\xe4\x15O\xd1\x01.\x88\x02\xd9\x89]\x02\r\xb4\x95$\xd0\x14\xd8 \x100\xeeh\x12\x95\tt@\xe9\xea\x80\xe3\xba\x80\x19\x82\x06\x07\x89\x01.\x88\tt@'... (set the log level to DEBUG or TRACE to see the full content) 
 </msg>
<msg time="2025-06-05T22:21:15.401168" level="INFO">POST Response : url=https://www.advantageonlineshopping.com/catalog/api/v1/product/image/645996510/img/red?product_id=1 
 status=200, reason= 
 headers={'Server': 'nginx/1.18.0 (Ubuntu)', 'Date': 'Fri, 06 Jun 2025 01:19:59 GMT', 'Content-Type': 'application/json', 'Transfer-Encoding': 'chunked', 'Connection': 'keep-alive', 'Expires': '0', 'Cache-Control': 'no-store', 'X-Content-Type-Options': 'nosniff', 'X-XSS-Protection': '1; mode=block', 'X-Frame-Options': 'DENY', 'vary': 'accept-encoding', 'Content-Encoding': 'gzip', 'Strict-Transport-Security': 'max-age=31536000; includeSubDomains; preload'} 
 body={"success":true,"id":1,"reason":"Product was updated successful","imageId":"custom_image_img_6777f9e0-420f-418b-8355-4afe64c0fd64","imageColor":"red"} 
 </msg>
<msg time="2025-06-05T22:21:15.402379" level="INFO">C:\Users\jessi\AppData\Local\Programs\Python\Python311\Lib\site-packages\urllib3\connectionpool.py:1097: InsecureRequestWarning: Unverified HTTPS request is being made to host 'www.advantageonlineshopping.com'. Adding certificate verification is strongly advised. See: https://urllib3.readthedocs.io/en/latest/advanced-usage.html#tls-warnings
  warnings.warn(</msg>
<msg time="2025-06-05T22:21:15.409381" level="INFO">${response} = &lt;Response [200]&gt;</msg>
<var>${response}</var>
<arg>shopping</arg>
<arg>${ENDPOINT}</arg>
<arg>headers=${headers}</arg>
<arg>params=${params}</arg>
<arg>files=${files}</arg>
<doc>Sends a POST request on a previously created HTTP Session.</doc>
<status status="PASS" start="2025-06-05T22:21:13.264865" elapsed="2.144516"/>
</kw>
<kw name="Log" owner="BuiltIn">
<msg time="2025-06-05T22:21:15.414375" level="INFO">Status code: 200</msg>
<arg>Status code: ${response.status_code}</arg>
<doc>Logs the given message with the given level.</doc>
<status status="PASS" start="2025-06-05T22:21:15.411377" elapsed="0.002998"/>
</kw>
<kw name="Log" owner="BuiltIn">
<msg time="2025-06-05T22:21:15.418226" level="INFO">Response body: {"success":true,"id":1,"reason":"Product was updated successful","imageId":"custom_image_img_6777f9e0-420f-418b-8355-4afe64c0fd64","imageColor":"red"}</msg>
<arg>Response body: ${response.content}</arg>
<doc>Logs the given message with the given level.</doc>
<status status="PASS" start="2025-06-05T22:21:15.415180" elapsed="0.003046"/>
</kw>
<kw name="Should Be Equal As Strings" owner="BuiltIn">
<msg time="2025-06-05T22:21:15.422235" level="INFO">Argument types are:
&lt;class 'int'&gt;
&lt;class 'str'&gt;</msg>
<arg>${response.status_code}</arg>
<arg>200</arg>
<doc>Fails if objects are unequal after converting them to strings.</doc>
<status status="PASS" start="2025-06-05T22:21:15.419246" elapsed="0.002989"/>
</kw>
<status status="PASS" start="2025-06-05T22:21:13.238783" elapsed="2.184447"/>
</test>
<status status="PASS" start="2025-06-05T22:21:13.029019" elapsed="2.397200"/>
</suite>
<statistics>
<total>
<stat pass="1" fail="0" skip="0">All Tests</stat>
</total>
<tag>
</tag>
<suite>
<stat name="Test Upload" id="s1" pass="1" fail="0" skip="0">Test Upload</stat>
</suite>
</statistics>
<errors>
</errors>
</robot>
