<?xml version="1.0" encoding="UTF-8"?>
<robot generator="Robot 7.2.2 (Python 3.11.1 on win32)" generated="2025-05-24T13:19:31.887242" rpa="false" schemaversion="5">
<suite id="s1" name="Api Tests" source="C:\Users\jessi\projetos\advantage-automation\tests\api\api_tests.robot">
<test id="s1-t1" name="Usuário busca um produto via API" line="28">
<kw name="Create Session" owner="RequestsLibrary">
<msg time="2025-05-24T13:19:32.116551" level="INFO">Creating Session using : alias=shop, url=https://www.advantageonlineshopping.com, headers={},                     cookies={}, auth=None, timeout=None, proxies=None, verify=False,                     debug=0 </msg>
<arg>shop</arg>
<arg>${BASE_URL}</arg>
<doc>Create Session: create a HTTP session to a server</doc>
<status status="PASS" start="2025-05-24T13:19:32.115506" elapsed="0.001045"/>
</kw>
<kw name="Get Request" owner="RequestsLibrary">
<msg time="2025-05-24T13:19:32.117510" level="WARN">Keyword 'RequestsLibrary.Get Request' is deprecated. Please use `GET On Session` instead.</msg>
<msg time="2025-05-24T13:19:33.122752" level="INFO">GET Request : url=https://www.advantageonlineshopping.com/catalog/api/v1/products/search?name=Mice 
 path_url=/catalog/api/v1/products/search?name=Mice 
 headers={'User-Agent': 'python-requests/2.32.3', 'Accept-Encoding': 'gzip, deflate', 'Accept': '*/*', 'Connection': 'keep-alive'} 
 body=None 
 </msg>
<msg time="2025-05-24T13:19:33.122752" level="INFO">GET Response : url=https://www.advantageonlineshopping.com/catalog/api/v1/products/search?name=Mice 
 status=200, reason= 
 headers={'Server': 'nginx/1.18.0 (Ubuntu)', 'Date': 'Sat, 24 May 2025 16:18:18 GMT', 'Content-Type': 'application/json', 'Transfer-Encoding': 'chunked', 'Connection': 'keep-alive', 'Expires': '0', 'Cache-Control': 'no-store', 'X-Content-Type-Options': 'nosniff', 'X-XSS-Protection': '1; mode=block', 'X-Frame-Options': 'DENY', 'vary': 'accept-encoding', 'Content-Encoding': 'gzip', 'Strict-Transport-Security': 'max-age=31536000; includeSubDomains; preload'} 
 body=[{"categoryId":5,"categoryName":"MICE","categoryImageId":"mice","products":[{"productId":26,"categoryId":5,"productName":"Kensington Orbit 72352 Trackball","price":59.99,"imageUrl":"5100"},{"productId":27,"categoryId":5,"productName":"HP Z3600 Wireless Mouse","price":15.99,"imageUrl":"5200"},{"productId":28,"categoryId":5,"productName":"HP Z3200 Wireless Mouse","price":29.99,"imageUrl":"5300"},{"productId":29,"categoryId":5,"productName":"HP USB 3 Button Optical Mouse","price":9.99,"imageUrl":"5400"},{"productId":30,"categoryId":5,"productName":"HP Z4000 Wireless Mouse","price":9.99,"imageUrl":"5505"},{"productId":31,"categoryId":5,"productName":"Logitech G502 Proteus Core","price":79.99,"imageUrl":"5600"},{"productId":32,"categoryId":5,"productName":"Kensington Orbit 72337 Trackball with Scroll Ring","price":39.99,"imageUrl":"5700"},{"productId":33,"categoryId":5,"productName":"HP Z8000 Bluetooth Mouse","price":50.99,"imageUrl":"5800"},{"productId":34,"categoryId":5,"productName":"Microsoft Sculpt Touch Mouse","price":49.99,"imageUrl":"5900"}]}] 
 </msg>
<msg time="2025-05-24T13:19:33.122752" level="INFO">C:\Users\jessi\AppData\Local\Programs\Python\Python311\Lib\site-packages\urllib3\connectionpool.py:1097: InsecureRequestWarning: Unverified HTTPS request is being made to host 'www.advantageonlineshopping.com'. Adding certificate verification is strongly advised. See: https://urllib3.readthedocs.io/en/latest/advanced-usage.html#tls-warnings
  warnings.warn(</msg>
<msg time="2025-05-24T13:19:33.130755" level="INFO">${response} = &lt;Response [200]&gt;</msg>
<var>${response}</var>
<arg>shop</arg>
<arg>/catalog/api/v1/products/search?name=Mice</arg>
<doc>*DEPRECATED* Please use `GET On Session` instead.</doc>
<status status="PASS" start="2025-05-24T13:19:32.117510" elapsed="1.013245"/>
</kw>
<kw name="Should Be Equal As Strings" owner="BuiltIn">
<msg time="2025-05-24T13:19:33.132753" level="INFO">Argument types are:
&lt;class 'int'&gt;
&lt;class 'str'&gt;</msg>
<arg>${response.status_code}</arg>
<arg>200</arg>
<doc>Fails if objects are unequal after converting them to strings.</doc>
<status status="PASS" start="2025-05-24T13:19:33.131754" elapsed="0.000999"/>
</kw>
<kw name="Convert To String" owner="BuiltIn">
<msg time="2025-05-24T13:19:33.135938" level="INFO">${response_text} = [{"categoryId":5,"categoryName":"MICE","categoryImageId":"mice","products":[{"productId":26,"categoryId":5,"productName":"Kensington Orbit 72352 Trackball","price":59.99,"imageUrl":"5100"},{"productId...</msg>
<var>${response_text}</var>
<arg>${response.text}</arg>
<doc>Converts the given item to a Unicode string.</doc>
<status status="PASS" start="2025-05-24T13:19:33.134802" elapsed="0.001136"/>
</kw>
<kw name="Should Contain" owner="BuiltIn">
<arg>${response_text}</arg>
<arg>MICE</arg>
<doc>Fails if ``container`` does not contain ``item`` one or more times.</doc>
<status status="PASS" start="2025-05-24T13:19:33.136937" elapsed="0.000000"/>
</kw>
<doc>Busca um produto específico e verifica a resposta da API</doc>
<status status="PASS" start="2025-05-24T13:19:32.114238" elapsed="1.022699"/>
</test>
<test id="s1-t2" name="Atualiza imagem de um produto" line="36">
<kw name="Autenticar Usuário Admin">
<kw name="Create Session" owner="RequestsLibrary">
<msg time="2025-05-24T13:19:33.141940" level="INFO">Creating Session using : alias=auth, url=https://www.advantageonlineshopping.com/accountservice/accountrest/api/v1, headers={},                     cookies={}, auth=None, timeout=None, proxies=None, verify=False,                     debug=0 </msg>
<arg>auth</arg>
<arg>${ACCOUNT_SERVICE_URL}</arg>
<doc>Create Session: create a HTTP session to a server</doc>
<status status="PASS" start="2025-05-24T13:19:33.141940" elapsed="0.000997"/>
</kw>
<kw name="Create Dictionary" owner="BuiltIn">
<msg time="2025-05-24T13:19:33.143940" level="INFO">${headers} = {'Content-Type': 'application/json'}</msg>
<var>${headers}</var>
<arg>Content-Type=application/json</arg>
<doc>Creates and returns a dictionary based on the given ``items``.</doc>
<status status="PASS" start="2025-05-24T13:19:33.142937" elapsed="0.001003"/>
</kw>
<kw name="Create Dictionary" owner="BuiltIn">
<msg time="2025-05-24T13:19:33.144941" level="INFO">${body} = {'loginName': 'AdminQA', 'password': 'Teste123'}</msg>
<var>${body}</var>
<arg>loginName=${ADMIN_USERNAME}</arg>
<arg>password=${ADMIN_PASSWORD}</arg>
<doc>Creates and returns a dictionary based on the given ``items``.</doc>
<status status="PASS" start="2025-05-24T13:19:33.144941" elapsed="0.000000"/>
</kw>
<kw name="Post Request" owner="RequestsLibrary">
<msg time="2025-05-24T13:19:33.145938" level="WARN">Keyword 'RequestsLibrary.Post Request' is deprecated. Please use `POST On Session` instead.</msg>
<msg time="2025-05-24T13:19:33.848852" level="INFO">POST Request : url=https://www.advantageonlineshopping.com/accountservice/accountrest/api/v1/login 
 path_url=/accountservice/accountrest/api/v1/login 
 headers={'User-Agent': 'python-requests/2.32.3', 'Accept-Encoding': 'gzip, deflate', 'Accept': '*/*', 'Connection': 'keep-alive', 'Content-Type': 'application/json', 'Content-Length': '48'} 
 body=b'{"loginName": "AdminQA", "password": "Teste123"}' 
 </msg>
<msg time="2025-05-24T13:19:33.849856" level="INFO">POST Response : url=https://www.advantageonlineshopping.com/accountservice/accountrest/api/v1/login 
 status=500, reason= 
 headers={'Server': 'nginx/1.18.0 (Ubuntu)', 'Date': 'Sat, 24 May 2025 16:18:19 GMT', 'Content-Type': 'application/json', 'Transfer-Encoding': 'chunked', 'Connection': 'keep-alive', 'X-Content-Type-Options': 'nosniff', 'X-XSS-Protection': '1; mode=block', 'Cache-Control': 'no-store', 'Pragma': 'no-cache', 'Expires': '0', 'X-Frame-Options': 'DENY', 'Access-Control-Request-Method': 'POST, GET, OPTIONS, DELETE', 'Access-Control-Allow-Methods': 'POST, GET, OPTIONS, DELETE', 'Access-Control-Max-Age': '3600', 'Access-Control-Allow-Headers': 'Origin, X-Requested-With, Content-Type, Accept, Key, soapaction', 'Access-Control-Allow-Origin': '*', 'vary': 'accept-encoding', 'Content-Encoding': 'gzip', 'Strict-Transport-Security': 'max-age=31536000; includeSubDomains; preload'} 
 body={"statusMessage":{"success":false,"userId":0,"reason":"Client received SOAP Fault from server: java.lang.NullPointerException Please see the server log to find more detail regarding exact cause of the failure."}} 
 </msg>
<msg time="2025-05-24T13:19:33.849856" level="INFO">C:\Users\jessi\AppData\Local\Programs\Python\Python311\Lib\site-packages\urllib3\connectionpool.py:1097: InsecureRequestWarning: Unverified HTTPS request is being made to host 'www.advantageonlineshopping.com'. Adding certificate verification is strongly advised. See: https://urllib3.readthedocs.io/en/latest/advanced-usage.html#tls-warnings
  warnings.warn(</msg>
<msg time="2025-05-24T13:19:33.855858" level="INFO">${response} = &lt;Response [500]&gt;</msg>
<var>${response}</var>
<arg>auth</arg>
<arg>/login</arg>
<arg>headers=${headers}</arg>
<arg>json=${body}</arg>
<doc>*DEPRECATED* Please use `POST On Session` instead.</doc>
<status status="PASS" start="2025-05-24T13:19:33.145938" elapsed="0.710933"/>
</kw>
<kw name="Should Be Equal As Strings" owner="BuiltIn">
<msg time="2025-05-24T13:19:33.858913" level="INFO">Argument types are:
&lt;class 'int'&gt;
&lt;class 'str'&gt;</msg>
<msg time="2025-05-24T13:19:33.859915" level="FAIL">500 != 200</msg>
<arg>${response.status_code}</arg>
<arg>200</arg>
<doc>Fails if objects are unequal after converting them to strings.</doc>
<status status="FAIL" start="2025-05-24T13:19:33.856871" elapsed="0.003980">500 != 200</status>
</kw>
<kw name="Set Variable" owner="BuiltIn">
<var>${token}</var>
<arg>${response.json()["token"]}</arg>
<doc>Returns the given values which can then be assigned to a variables.</doc>
<status status="NOT RUN" start="2025-05-24T13:19:33.860851" elapsed="0.000000"/>
</kw>
<return>
<value>${token}</value>
<status status="NOT RUN" start="2025-05-24T13:19:33.861916" elapsed="0.000000"/>
</return>
<var>${token}</var>
<doc>Faz login e obtém o token de acesso do usuário ADMIN</doc>
<status status="FAIL" start="2025-05-24T13:19:33.140939" elapsed="0.720977">500 != 200</status>
</kw>
<kw name="Create Session" owner="RequestsLibrary">
<arg>shop</arg>
<arg>${BASE_URL}</arg>
<doc>Create Session: create a HTTP session to a server</doc>
<status status="NOT RUN" start="2025-05-24T13:19:33.862875" elapsed="0.001039"/>
</kw>
<kw name="Create Dictionary" owner="BuiltIn">
<var>${headers}</var>
<arg>Authorization=Bearer ${token}</arg>
<doc>Creates and returns a dictionary based on the given ``items``.</doc>
<status status="NOT RUN" start="2025-05-24T13:19:33.865854" elapsed="0.000000"/>
</kw>
<kw name="Create Dictionary" owner="BuiltIn">
<var>${files}</var>
<arg>file=@${IMAGE_PATH}</arg>
<doc>Creates and returns a dictionary based on the given ``items``.</doc>
<status status="NOT RUN" start="2025-05-24T13:19:33.866870" elapsed="0.000988"/>
</kw>
<kw name="Post Request" owner="RequestsLibrary">
<msg time="2025-05-24T13:19:33.868872" level="WARN">Keyword 'RequestsLibrary.Post Request' is deprecated. Please use `POST On Session` instead.</msg>
<var>${response}</var>
<arg>shop</arg>
<arg>/catalog/api/v1/product/image/${ADMIN_USERNAME}/source/color</arg>
<arg>headers=${headers}</arg>
<arg>files=${files}</arg>
<doc>*DEPRECATED* Please use `POST On Session` instead.</doc>
<status status="NOT RUN" start="2025-05-24T13:19:33.868872" elapsed="0.002997"/>
</kw>
<kw name="Should Be Equal As Strings" owner="BuiltIn">
<arg>${response.status_code}</arg>
<arg>200</arg>
<doc>Fails if objects are unequal after converting them to strings.</doc>
<status status="NOT RUN" start="2025-05-24T13:19:33.872869" elapsed="0.000000"/>
</kw>
<kw name="Log" owner="BuiltIn">
<arg>${response.json()}</arg>
<doc>Logs the given message with the given level.</doc>
<status status="NOT RUN" start="2025-05-24T13:19:33.874854" elapsed="0.000000"/>
</kw>
<kw name="Dictionary Should Contain Key" owner="Collections">
<arg>${response.json()}</arg>
<arg>imageId</arg>
<doc>Fails if ``key`` is not found from ``dictionary``.</doc>
<status status="NOT RUN" start="2025-05-24T13:19:33.876257" elapsed="0.000000"/>
</kw>
<doc>Atualiza a imagem de um produto e valida a resposta</doc>
<status status="FAIL" start="2025-05-24T13:19:33.139939" elapsed="0.737329">500 != 200</status>
</test>
<status status="FAIL" start="2025-05-24T13:19:31.889203" elapsed="1.997700"/>
</suite>
<statistics>
<total>
<stat pass="1" fail="1" skip="0">All Tests</stat>
</total>
<tag>
</tag>
<suite>
<stat name="Api Tests" id="s1" pass="1" fail="1" skip="0">Api Tests</stat>
</suite>
</statistics>
<errors>
<msg time="2025-05-24T13:19:31.880197" level="WARN">Error in file 'C:\Users\jessi\projetos\advantage-automation\tests\api\api_tests.robot' on line 25: The '[Return]' setting is deprecated. Use the 'RETURN' statement instead.</msg>
<msg time="2025-05-24T13:19:32.117510" level="WARN">Keyword 'RequestsLibrary.Get Request' is deprecated. Please use `GET On Session` instead.</msg>
<msg time="2025-05-24T13:19:33.145938" level="WARN">Keyword 'RequestsLibrary.Post Request' is deprecated. Please use `POST On Session` instead.</msg>
<msg time="2025-05-24T13:19:33.868872" level="WARN">Keyword 'RequestsLibrary.Post Request' is deprecated. Please use `POST On Session` instead.</msg>
</errors>
</robot>
