<?xml version="1.0" encoding="UTF-8"?>
<robot generator="Robot 7.2.2 (Python 3.11.1 on win32)" generated="2025-06-02T13:41:49.454897" rpa="false" schemaversion="5">
<suite id="s1" name="Test Upload" source="C:\Users\jessi\projetos\advantage-automation\tests\api\test_upload.robot">
<test id="s1-t1" name="Upload Imagem Para Produto" line="11">
<kw name="Create Session" owner="RequestsLibrary">
<msg time="2025-06-02T13:41:49.738286" level="INFO">Creating Session using : alias=shopping, url=https://www.advantageonlineshopping.com, headers={},                     cookies={}, auth=None, timeout=None, proxies=None, verify=False,                     debug=0 </msg>
<arg>shopping</arg>
<arg>${BASE_URL}</arg>
<doc>Create Session: create a HTTP session to a server</doc>
<status status="PASS" start="2025-06-02T13:41:49.737288" elapsed="0.000998"/>
</kw>
<kw name="Create Dictionary" owner="BuiltIn">
<msg time="2025-06-02T13:41:49.739287" level="INFO">&amp;{headers} = { Authorization=Bearer eyJ0eXAiOiJKV1QiLCJhbGciOiJIUzI1NiJ9.eyJpc3MiOiJ3d3cuYWR2YW50YWdlb25saW5lc2hvcHBpbmcuY29tIiwidXNlcklkIjo2NDU5OTY1MTAsInN1YiI6IkJFUk5BUkRPVCIsInJvbGUiOiJBRE1JTiJ9.GP4gzb983_Yjw8x...</msg>
<var>&amp;{headers}</var>
<arg>Authorization=${TOKEN}</arg>
<doc>Creates and returns a dictionary based on the given ``items``.</doc>
<status status="PASS" start="2025-06-02T13:41:49.738286" elapsed="0.001001"/>
</kw>
<kw name="Create Dictionary" owner="BuiltIn">
<msg time="2025-06-02T13:41:49.739287" level="INFO">&amp;{params} = { product_id=1 }</msg>
<var>&amp;{params}</var>
<arg>product_id=1</arg>
<doc>Creates and returns a dictionary based on the given ``items``.</doc>
<status status="PASS" start="2025-06-02T13:41:49.739287" elapsed="0.000000"/>
</kw>
<kw name="Create Dictionary" owner="BuiltIn">
<msg time="2025-06-02T13:41:49.742296" level="INFO">&amp;{files} = { file=C:/Users/jessi/projetos/advantage-automation/tests/api/resources/img/imagem.jpg }</msg>
<var>&amp;{files}</var>
<arg>file=${IMAGE_PATH}</arg>
<doc>Creates and returns a dictionary based on the given ``items``.</doc>
<status status="PASS" start="2025-06-02T13:41:49.741289" elapsed="0.001007"/>
</kw>
<kw name="POST On Session" owner="RequestsLibrary">
<msg time="2025-06-02T13:41:50.660934" level="INFO">POST Request : url=https://www.advantageonlineshopping.com/catalog/api/v1/product/image/645996510/img/red?product_id=1 
 path_url=/catalog/api/v1/product/image/645996510/img/red?product_id=1 
 headers={'User-Agent': 'python-requests/2.32.3', 'Accept-Encoding': 'gzip, deflate', 'Accept': '*/*', 'Connection': 'keep-alive', 'Authorization': 'Bearer eyJ0eXAiOiJKV1QiLCJhbGciOiJIUzI1NiJ9.eyJpc3MiOiJ3d3cuYWR2YW50YWdlb25saW5lc2hvcHBpbmcuY29tIiwidXNlcklkIjo2NDU5OTY1MTAsInN1YiI6IkJFUk5BUkRPVCIsInJvbGUiOiJBRE1JTiJ9.GP4gzb983_Yjw8xjCvDNRN56yJQCcIExSeDXeriEsM4', 'Content-Length': '219', 'Content-Type': 'multipart/form-data; boundary=8425ab8ef390f5fdc9ccf7a03299f338'} 
 body=b'--8425ab8ef390f5fdc9ccf7a03299f338\r\nContent-Disposition: form-data; name="file"; filename="file"\r\n\r\nC:/Users/jessi/projetos/advantage-automation/tests/api/resources/img/imagem.jpg\r\n--8425ab8ef390f5fdc9ccf7a03299f338--\r\n' 
 </msg>
<msg time="2025-06-02T13:41:50.661932" level="INFO">POST Response : url=https://www.advantageonlineshopping.com/catalog/api/v1/product/image/645996510/img/red?product_id=1 
 status=400, reason= 
 headers={'Server': 'nginx/1.18.0 (Ubuntu)', 'Date': 'Mon, 02 Jun 2025 16:40:34 GMT', 'Content-Type': 'application/json', 'Transfer-Encoding': 'chunked', 'Connection': 'keep-alive', 'Expires': '0', 'Cache-Control': 'no-store', 'X-Content-Type-Options': 'nosniff', 'X-XSS-Protection': '1; mode=block', 'X-Frame-Options': 'DENY', 'vary': 'accept-encoding', 'Content-Encoding': 'gzip', 'Strict-Transport-Security': 'max-age=31536000; includeSubDomains; preload'} 
 body={"success":false,"id":-1,"reason":"file type should be .JPG only"} 
 </msg>
<msg time="2025-06-02T13:41:50.661932" level="INFO">C:\Users\jessi\AppData\Local\Programs\Python\Python311\Lib\site-packages\urllib3\connectionpool.py:1097: InsecureRequestWarning: Unverified HTTPS request is being made to host 'www.advantageonlineshopping.com'. Adding certificate verification is strongly advised. See: https://urllib3.readthedocs.io/en/latest/advanced-usage.html#tls-warnings
  warnings.warn(</msg>
<msg time="2025-06-02T13:41:50.662931" level="FAIL">HTTPError: 400 Client Error:  for url: https://www.advantageonlineshopping.com/catalog/api/v1/product/image/645996510/img/red?product_id=1</msg>
<var>${response}</var>
<arg>shopping</arg>
<arg>${ENDPOINT}</arg>
<arg>headers=${headers}</arg>
<arg>params=${params}</arg>
<arg>files=${files}</arg>
<doc>Sends a POST request on a previously created HTTP Session.</doc>
<status status="FAIL" start="2025-06-02T13:41:49.743292" elapsed="0.922638">HTTPError: 400 Client Error:  for url: https://www.advantageonlineshopping.com/catalog/api/v1/product/image/645996510/img/red?product_id=1</status>
</kw>
<kw name="Log" owner="BuiltIn">
<arg>Status code: ${response.status_code}</arg>
<doc>Logs the given message with the given level.</doc>
<status status="NOT RUN" start="2025-06-02T13:41:50.666930" elapsed="0.000000"/>
</kw>
<kw name="Log" owner="BuiltIn">
<arg>Response body: ${response.content}</arg>
<doc>Logs the given message with the given level.</doc>
<status status="NOT RUN" start="2025-06-02T13:41:50.666930" elapsed="0.000000"/>
</kw>
<kw name="Should Be Equal As Strings" owner="BuiltIn">
<arg>${response.status_code}</arg>
<arg>200</arg>
<doc>Fails if objects are unequal after converting them to strings.</doc>
<status status="NOT RUN" start="2025-06-02T13:41:50.667930" elapsed="0.000000"/>
</kw>
<status status="FAIL" start="2025-06-02T13:41:49.736286" elapsed="0.931644">HTTPError: 400 Client Error:  for url: https://www.advantageonlineshopping.com/catalog/api/v1/product/image/645996510/img/red?product_id=1</status>
</test>
<status status="FAIL" start="2025-06-02T13:41:49.459901" elapsed="1.210033"/>
</suite>
<statistics>
<total>
<stat pass="0" fail="1" skip="0">All Tests</stat>
</total>
<tag>
</tag>
<suite>
<stat name="Test Upload" id="s1" pass="0" fail="1" skip="0">Test Upload</stat>
</suite>
</statistics>
<errors>
</errors>
</robot>
